BLLet/dnasdk/build/outputs/mapping/release/seeds.txt
cn.com.broadlink.sdk.BLLet
cn.com.broadlink.sdk.BLLet: java.lang.String SDK_VERSION
cn.com.broadlink.sdk.BLLet: boolean mDebugLog
cn.com.broadlink.sdk.BLLet: cn.com.broadlink.sdk.BLAccountImpl mAccountImpl
cn.com.broadlink.sdk.BLLet: cn.com.broadlink.sdk.BLPyramidImpl mPyramidImpl
cn.com.broadlink.sdk.BLLet: cn.com.broadlink.sdk.BLControllerImpl mControllerImpl
cn.com.broadlink.sdk.BLLet: cn.com.broadlink.sdk.BLFamilyImpl mFamilyImpl
cn.com.broadlink.sdk.BLLet: cn.com.broadlink.sdk.BLOAuthImpl mOAuthImpl
cn.com.broadlink.sdk.BLLet: cn.com.broadlink.sdk.BLIRCodeImpl mIRCodeImpl
cn.com.broadlink.sdk.BLLet: BLLet()
cn.com.broadlink.sdk.BLLet: void init(android.content.Context)
cn.com.broadlink.sdk.BLLet: void init(android.content.Context,cn.com.broadlink.sdk.param.controller.BLConfigParam)
cn.com.broadlink.sdk.BLLet: void init(android.content.Context,java.lang.String,java.lang.String)
cn.com.broadlink.sdk.BLLet: void init(android.content.Context,java.lang.String,java.lang.String,cn.com.broadlink.sdk.param.controller.BLConfigParam)
cn.com.broadlink.sdk.BLLet: java.lang.String getLicenseId()
cn.com.broadlink.sdk.BLLet: java.lang.String getCompanyid()
cn.com.broadlink.sdk.BLLet: java.lang.String getSDKVersion()
cn.com.broadlink.sdk.BLLet: void finish()
cn.com.broadlink.sdk.BLLet: boolean access$002(boolean)
cn.com.broadlink.sdk.BLLet: boolean access$000()
cn.com.broadlink.sdk.BLLet: cn.com.broadlink.sdk.BLAccountImpl access$100()
cn.com.broadlink.sdk.BLLet$Account
cn.com.broadlink.sdk.BLLet$Account: BLLet$Account()
cn.com.broadlink.sdk.BLLet$Account: cn.com.broadlink.sdk.result.account.BLLoginResult login(java.lang.String,java.lang.String)
cn.com.broadlink.sdk.BLLet$Account: cn.com.broadlink.sdk.result.account.BLLoginResult localLogin(cn.com.broadlink.sdk.result.account.BLLoginResult)
cn.com.broadlink.sdk.BLLet$Account: cn.com.broadlink.sdk.result.account.BLLoginResult fastLogin(java.lang.String,java.lang.String,java.lang.String)
cn.com.broadlink.sdk.BLLet$Account: cn.com.broadlink.sdk.result.account.BLLoginResult thirdAuth(java.lang.String)
cn.com.broadlink.sdk.BLLet$Account: cn.com.broadlink.sdk.result.account.BLOauthResult queryIhcAccessToken(java.lang.String,java.lang.String,java.lang.String,java.lang.String)
cn.com.broadlink.sdk.BLLet$Account: cn.com.broadlink.sdk.result.account.BLLoginResult oauthByIhc(java.lang.String)
cn.com.broadlink.sdk.BLLet$Account: cn.com.broadlink.sdk.result.account.BLLoginResult oauthLogin(java.lang.String,java.lang.String,java.lang.String,java.lang.String,java.lang.String,java.lang.String)
cn.com.broadlink.sdk.BLLet$Account: cn.com.broadlink.sdk.result.account.BLBaseResult sendFastLoginVCode(java.lang.String,java.lang.String)
cn.com.broadlink.sdk.BLLet$Account: cn.com.broadlink.sdk.result.account.BLBaseResult sendRegVCode(java.lang.String,java.lang.String)
...
org.liquidplayer.webkit.javascriptcore.JSValue
org.liquidplayer.webkit.javascriptcore.JSValue: java.lang.Long valueRef
org.liquidplayer.webkit.javascriptcore.JSValue: org.liquidplayer.webkit.javascriptcore.JSContext context
org.liquidplayer.webkit.javascriptcore.JSValue: java.lang.Boolean isDefunct
org.liquidplayer.webkit.javascriptcore.JSValue: boolean isProtected
org.liquidplayer.webkit.javascriptcore.JSValue: JSValue()
org.liquidplayer.webkit.javascriptcore.JSValue: JSValue(org.liquidplayer.webkit.javascriptcore.JSContext)
org.liquidplayer.webkit.javascriptcore.JSValue: JSValue(org.liquidplayer.webkit.javascriptcore.JSContext,java.lang.Object)
org.liquidplayer.webkit.javascriptcore.JSValue: JSValue(long,org.liquidplayer.webkit.javascriptcore.JSContext)
org.liquidplayer.webkit.javascriptcore.JSValue: void finalize()
org.liquidplayer.webkit.javascriptcore.JSValue: java.lang.Boolean isUndefined()
org.liquidplayer.webkit.javascriptcore.JSValue: java.lang.Boolean isNull()
org.liquidplayer.webkit.javascriptcore.JSValue: java.lang.Boolean isBoolean()
org.liquidplayer.webkit.javascriptcore.JSValue: java.lang.Boolean isNumber()
org.liquidplayer.webkit.javascriptcore.JSValue: java.lang.Boolean isString()
org.liquidplayer.webkit.javascriptcore.JSValue: java.lang.Boolean isArray()
org.liquidplayer.webkit.javascriptcore.JSValue: java.lang.Boolean isDate()
org.liquidplayer.webkit.javascriptcore.JSValue: java.lang.Boolean isObject()
org.liquidplayer.webkit.javascriptcore.JSValue$1
org.liquidplayer.webkit.javascriptcore.JSValue$1: org.liquidplayer.webkit.javascriptcore.JSValue this$0
org.liquidplayer.webkit.javascriptcore.JSValue$1: JSValue$1(org.liquidplayer.webkit.javascriptcore.JSValue)
org.liquidplayer.webkit.javascriptcore.JSValue$1: void run()
org.liquidplayer.webkit.javascriptcore.JSValue$10
org.liquidplayer.webkit.javascriptcore.JSValue$10: org.liquidplayer.webkit.javascriptcore.JSValue this$0
org.liquidplayer.webkit.javascriptcore.JSValue$10: JSValue$10(org.liquidplayer.webkit.javascriptcore.JSValue)
org.liquidplayer.webkit.javascriptcore.JSValue$10: void run()
org.liquidplayer.webkit.javascriptcore.JSValue$11
org.liquidplayer.webkit.javascriptcore.JSValue$11: org.liquidplayer.webkit.javascriptcore.JSValue this$0
org.liquidplayer.webkit.javascriptcore.JSValue$11: JSValue$11(org.liquidplayer.webkit.javascriptcore.JSValue)
org.liquidplayer.webkit.javascriptcore.JSValue$11: void run()
org.liquidplayer.webkit.javascriptcore.JSValue$12
org.liquidplayer.webkit.javascriptcore.JSValue$12: org.liquidplayer.webkit.javascriptcore.JSObject val$constructor
org.liquidplayer.webkit.javascriptcore.JSValue$12: org.liquidplayer.webkit.javascriptcore.JSValue this$0
org.liquidplayer.webkit.javascriptcore.JSValue$12: JSValue$12(org.liquidplayer.webkit.javascriptcore.JSValue,org.liquidplayer.webkit.javascriptcore.JSObject)
org.liquidplayer.webkit.javascriptcore.JSValue$12: void run()
org.liquidplayer.webkit.javascriptcore.JSValue$13
org.liquidplayer.webkit.javascriptcore.JSValue$13: org.liquidplayer.webkit.javascriptcore.JSValue val$ojsv
org.liquidplayer.webkit.javascriptcore.JSValue$13: org.liquidplayer.webkit.javascriptcore.JSValue this$0
org.liquidplayer.webkit.javascriptcore.JSValue$13: JSValue$13(org.liquidplayer.webkit.javascriptcore.JSValue,org.liquidplayer.webkit.javascriptcore.JSValue)
org.liquidplayer.webkit.javascriptcore.JSValue$13: void run()
org.liquidplayer.webkit.javascriptcore.JSValue$14
org.liquidplayer.webkit.javascriptcore.JSValue$14: org.liquidplayer.webkit.javascriptcore.JSValue val$ojsv
org.liquidplayer.webkit.javascriptcore.JSValue$14: org.liquidplayer.webkit.javascriptcore.JSValue this$0
org.liquidplayer.webkit.javascriptcore.JSValue$14: JSValue$14(org.liquidplayer.webkit.javascriptcore.JSValue,org.liquidplayer.webkit.javascriptcore.JSValue)
org.liquidplayer.webkit.javascriptcore.JSValue$14: void run()