BLLet/dnasdk/build/outputs/mapping/release/mapping.txt
cn.com.broadlink.sdk.BLAccountHttpAccessor -> cn.com.broadlink.sdk.a:
    java.lang.String ACCOUNT_BODY_ENCRYPT -> a
    java.lang.String ACCOUNT_TOKEN_ENCRYPT -> b
    10:10:void <init>() -> <init>
    25:25:java.lang.String generalPost(java.lang.String,java.lang.String,int) -> a
    29:45:java.lang.String generalPost(java.lang.String,java.util.Map,java.lang.String,int) -> a
    1050:1050:java.lang.String cn.com.broadlink.sdk.BLCommonTools.md5(java.lang.String):50:50 -> a
    1050:1050:java.lang.String generalPost(java.lang.String,java.util.Map,java.lang.String,int):30 -> a
    2050:2050:java.lang.String cn.com.broadlink.sdk.BLCommonTools.md5(java.lang.String):50:50 -> a
    2050:2050:java.lang.String generalPost(java.lang.String,java.util.Map,java.lang.String,int):35 -> a
    58:81:java.lang.String generalMutipartPost(java.lang.String,java.util.Map,java.lang.String,java.io.File,int) -> a
    3050:3050:java.lang.String cn.com.broadlink.sdk.BLCommonTools.md5(java.lang.String):50:50 -> a
    3050:3050:java.lang.String generalMutipartPost(java.lang.String,java.util.Map,java.lang.String,java.io.File,int):59 -> a
    4050:4050:java.lang.String cn.com.broadlink.sdk.BLCommonTools.md5(java.lang.String):50:50 -> a
    4050:4050:java.lang.String generalMutipartPost(java.lang.String,java.util.Map,java.lang.String,java.io.File,int):64 -> a
cn.com.broadlink.sdk.BLAccountImpl -> cn.com.broadlink.sdk.b:
    java.lang.String ERR_UNKNOWN -> f
    java.lang.String ERR_NOT_LOGIN -> g
    java.lang.String ERR_SERVER_NO_RESULT -> h
    java.lang.String PASSWORD_ENCRYPT -> i
    java.lang.String mCompanyId -> a
    java.lang.String mUserid -> j
    java.lang.String mUserserssion -> k
    java.lang.String mLicenseid -> b
    java.lang.String mLicense -> c
    int mHttpTimeOut -> d
    java.util.ArrayList mListLoginListener -> e
    37:82:void <init>() -> <init>
    87:117:void init(java.lang.String,java.lang.String,java.lang.String,cn.com.broadlink.sdk.param.controller.BLConfigParam) -> a
    2045:2046:void cn.com.broadlink.sdk.BLApiUrls$Account.setUrlBase(java.lang.String):45:46 -> a
    2045:2046:void init(java.lang.String,java.lang.String,java.lang.String,cn.com.broadlink.sdk.param.controller.BLConfigParam):108 -> a
    3006:3006:java.lang.String cn.com.broadlink.sdk.BLApiUrls.access$002(java.lang.String):6:6 -> a
    3006:3006:void cn.com.broadlink.sdk.BLApiUrls$Account.setUrlBase(java.lang.String):45 -> a
    3006:3006:void init(java.lang.String,java.lang.String,java.lang.String,cn.com.broadlink.sdk.param.controller.BLConfigParam):108 -> a
    3051:3051:java.lang.String cn.com.broadlink.sdk.BLApiUrls$Account.URL_TIMESTAMP():51:51 -> a
    3051:3051:void init(java.lang.String,java.lang.String,java.lang.String,cn.com.broadlink.sdk.param.controller.BLConfigParam):109 -> a
cn.com.broadlink.sdk.BLAccountLoginListener -> cn.com.broadlink.sdk.c:
    void onLogin(cn.com.broadlink.sdk.result.account.BLLoginResult) -> a
cn.com.broadlink.sdk.BLAccountTrustManager -> cn.com.broadlink.sdk.d:
    11:11:void <init>() -> <init>
    16:16:void checkClientTrusted(java.security.cert.X509Certificate[],java.lang.String) -> checkClientTrusted
    31:42:void checkServerTrusted(java.security.cert.X509Certificate[],java.lang.String) -> checkServerTrusted
    46:46:java.security.cert.X509Certificate[] getAcceptedIssuers() -> getAcceptedIssuers
...
org.liquidplayer.webkit.javascriptcore.JSArray$ReduceCallback -> org.liquidplayer.webkit.javascriptcore.JSArray$ReduceCallback:
    org.liquidplayer.webkit.javascriptcore.JSValue callback(org.liquidplayer.webkit.javascriptcore.JSValue,org.liquidplayer.webkit.javascriptcore.JSValue,int,org.liquidplayer.webkit.javascriptcore.JSArray) -> callback
org.liquidplayer.webkit.javascriptcore.JSArray$SortCallback -> org.liquidplayer.webkit.javascriptcore.JSArray$SortCallback:
    double callback(java.lang.Object,java.lang.Object) -> callback
org.liquidplayer.webkit.javascriptcore.JSArray$ValuesIterator -> org.liquidplayer.webkit.javascriptcore.JSArray$ValuesIterator:
    org.liquidplayer.webkit.javascriptcore.JSArray this$0 -> this$0
    869:871:void <init>(org.liquidplayer.webkit.javascriptcore.JSArray,org.liquidplayer.webkit.javascriptcore.JSObject) -> <init>
    880:881:java.lang.Object next() -> next
org.liquidplayer.webkit.javascriptcore.JSArrayBuffer -> org.liquidplayer.webkit.javascriptcore.JSArrayBuffer:
    49:52:void <init>(org.liquidplayer.webkit.javascriptcore.JSContext,int) -> <init>
    61:62:void <init>(org.liquidplayer.webkit.javascriptcore.JSObject) -> <init>
    71:71:int byteLength() -> byteLength
    83:84:boolean isView(org.liquidplayer.webkit.javascriptcore.JSValue) -> isView
    96:97:org.liquidplayer.webkit.javascriptcore.JSArrayBuffer slice(int,int) -> slice
    107:108:org.liquidplayer.webkit.javascriptcore.JSArrayBuffer slice(int) -> slice
org.liquidplayer.webkit.javascriptcore.JSBaseArray -> org.liquidplayer.webkit.javascriptcore.JSBaseArray:
    java.lang.Class mType -> mType
    int mLeftBuffer -> mLeftBuffer
    int mRightBuffer -> mRightBuffer
    org.liquidplayer.webkit.javascriptcore.JSBaseArray mSuperList -> mSuperList
    50:57:void <init>(long,org.liquidplayer.webkit.javascriptcore.JSContext,java.lang.Class) -> <init>
    50:65:void <init>(org.liquidplayer.webkit.javascriptcore.JSBaseArray,int,int,java.lang.Class) -> <init>
    50:69:void <init>(org.liquidplayer.webkit.javascriptcore.JSContext,java.lang.Class) -> <init>
    80:86:java.lang.Object[] toArray(java.lang.Class) -> toArray
    96:96:java.lang.Object[] toArray() -> toArray
    109:113:java.lang.Object get(int) -> get
    124:126:boolean add(java.lang.Object) -> add
    135:138:int size() -> size
    143:143:org.liquidplayer.webkit.javascriptcore.JSValue arrayElement(int) -> arrayElement
    147:148:void arrayElement(int,java.lang.Object) -> arrayElement
    151:154:org.liquidplayer.webkit.javascriptcore.JSValue elementAtIndex(int) -> elementAtIndex
    158:162:void elementAtIndex(int,java.lang.Object) -> elementAtIndex
    170:170:boolean isEmpty() -> isEmpty
    179:183:boolean contains(java.lang.Object) -> contains
    266:266:java.util.Iterator iterator() -> iterator
    276:288:java.lang.Object[] toArray(java.lang.Object[]) -> toArray
    297:304:boolean remove(java.lang.Object) -> remove
org.liquidplayer.webkit.javascriptcore.JSBaseArray$ArrayIterator -> org.liquidplayer.webkit.javascriptcore.JSBaseArray$ArrayIterator:
    int current -> current
    java.lang.Integer modifiable -> modifiable
    org.liquidplayer.webkit.javascriptcore.JSBaseArray this$0 -> this$0
    191:192:void <init>(org.liquidplayer.webkit.javascriptcore.JSBaseArray) -> <init>
    187:197:void <init>(org.liquidplayer.webkit.javascriptcore.JSBaseArray,int) -> <init>
    201:201:boolean hasNext() -> hasNext
    206:206:boolean hasPrevious() -> hasPrevious
    211:214:java.lang.Object next() -> next
    219:222:java.lang.Object previous() -> previous
    227:233:void remove() -> remove
    237:237:int nextIndex() -> nextIndex
    242:242:int previousIndex() -> previousIndex
    247:251:void set(java.lang.Object) -> set
    255:257:void add(java.lang.Object) -> add